This file contains any messages produced by compilers while
running configure, to aid debugging if configure makes a mistake.

It was created by upower configure 0.99.11, which was
generated by GNU Autoconf 2.69.  Invocation command line was

  $ ./configure --build=aarch64-linux-gnu --prefix=/usr --includedir=${prefix}/include --mandir=${prefix}/share/man --infodir=${prefix}/share/info --sysconfdir=/etc --localstatedir=/var --disable-option-checking --disable-silent-rules --libdir=${prefix}/lib/aarch64-linux-gnu --runstatedir=/run --disable-maintainer-mode --disable-dependency-tracking --enable-gtk-doc --enable-introspection --with-systemdutildir=/lib/systemd --with-systemdsystemunitdir=/lib/systemd/system

## --------- ##
## Platform. ##
## --------- ##

hostname = maddocks-Lenovo-YOGA-C630-13Q50
uname -m = aarch64
uname -r = 5.9.12-16ton
uname -s = Linux
uname -v = #47 SMP Sun Dec 6 19:05:54 EST 2020

/usr/bin/uname -p = unknown
/bin/uname -X     = unknown

/bin/arch              = unknown
/usr/bin/arch -k       = unknown
/usr/convex/getsysinfo = unknown
/usr/bin/hostinfo      = unknown
/bin/machine           = unknown
/usr/bin/oslevel       = unknown
/bin/universe          = unknown

PATH: /usr/local/sbin
PATH: /usr/local/bin
PATH: /usr/sbin
PATH: /usr/bin
PATH: /sbin
PATH: /bin
PATH: /snap/bin


## ----------- ##
## Core tests. ##
## ----------- ##

configure:2381: checking for a BSD-compatible install
configure:2449: result: /usr/bin/install -c
configure:2460: checking whether build environment is sane
configure:2515: result: yes
configure:2664: checking for a thread-safe mkdir -p
configure:2703: result: /bin/mkdir -p
configure:2710: checking for gawk
configure:2726: found /usr/bin/gawk
configure:2737: result: gawk
configure:2748: checking whether make sets $(MAKE)
configure:2770: result: yes
configure:2799: checking whether make supports nested variables
configure:2816: result: yes
configure:2905: checking whether UID '0' is supported by ustar format
configure:2908: result: yes
configure:2915: checking whether GID '0' is supported by ustar format
configure:2918: result: yes
configure:2926: checking how to create a ustar tar archive
configure:2937: tar --version
tar (GNU tar) 1.30
Copyright (C) 2017 Free Software Foundation, Inc.
License GPLv3+: GNU GPL version 3 or later <https://gnu.org/licenses/gpl.html>.
This is free software: you are free to change and redistribute it.
There is NO WARRANTY, to the extent permitted by law.

Written by John Gilmore and Jay Fenlason.
configure:2940: $? = 0
configure:2980: tardir=conftest.dir && eval tar --format=ustar -chf - "$tardir" >conftest.tar
configure:2983: $? = 0
configure:2987: tar -xf - <conftest.tar
configure:2990: $? = 0
configure:2992: cat conftest.dir/file
GrepMe
configure:2995: $? = 0
configure:3008: result: gnutar
configure:3059: checking whether to enable maintainer-specific portions of Makefiles
configure:3068: result: no
configure:3094: checking whether make supports nested variables
configure:3111: result: yes
configure:3177: checking for pkg-config
configure:3195: found /usr/bin/pkg-config
configure:3207: result: /usr/bin/pkg-config
configure:3232: checking pkg-config is at least version 0.9.0
configure:3235: result: yes
configure:3254: checking for gobject-introspection
configure:3263: $PKG_CONFIG --exists --print-errors "gobject-introspection-1.0"
configure:3266: $? = 0
configure:3273: $PKG_CONFIG --exists --print-errors "gobject-introspection-1.0 >= 0.9.9"
configure:3276: $? = 0
configure:3300: result: yes
configure:3468: checking for gcc
configure:3484: found /usr/bin/gcc
configure:3495: result: gcc
configure:3724: checking for C compiler version
configure:3733: gcc --version >&5
gcc (Ubuntu 9.3.0-17ubuntu1~20.04) 9.3.0
Copyright (C) 2019 Free Software Foundation, Inc.
This is free software; see the source for copying conditions.  There is NO
warranty; not even for MERCHANTABILITY or FITNESS FOR A PARTICULAR PURPOSE.

configure:3744: $? = 0
configure:3733: gcc -v >&5
Using built-in specs.
COLLECT_GCC=gcc
COLLECT_LTO_WRAPPER=/usr/lib/gcc/aarch64-linux-gnu/9/lto-wrapper
Target: aarch64-linux-gnu
Configured with: ../src/configure -v --with-pkgversion='Ubuntu 9.3.0-17ubuntu1~20.04' --with-bugurl=file:///usr/share/doc/gcc-9/README.Bugs --enable-languages=c,ada,c++,go,d,fortran,objc,obj-c++,gm2 --prefix=/usr --with-gcc-major-version-only --program-suffix=-9 --program-prefix=aarch64-linux-gnu- --enable-shared --enable-linker-build-id --libexecdir=/usr/lib --without-included-gettext --enable-threads=posix --libdir=/usr/lib --enable-nls --enable-clocale=gnu --enable-libstdcxx-debug --enable-libstdcxx-time=yes --with-default-libstdcxx-abi=new --enable-gnu-unique-object --disable-libquadmath --disable-libquadmath-support --enable-plugin --enable-default-pie --with-system-zlib --with-target-system-zlib=auto --enable-objc-gc=auto --enable-multiarch --enable-fix-cortex-a53-843419 --disable-werror --enable-checking=release --build=aarch64-linux-gnu --host=aarch64-linux-gnu --target=aarch64-linux-gnu
Thread model: posix
gcc version 9.3.0 (Ubuntu 9.3.0-17ubuntu1~20.04) 
configure:3744: $? = 0
configure:3733: gcc -V >&5
gcc: error: unrecognized command line option '-V'
gcc: fatal error: no input files
compilation terminated.
configure:3744: $? = 1
configure:3733: gcc -qversion >&5
gcc: error: unrecognized command line option '-qversion'; did you mean '--version'?
gcc: fatal error: no input files
compilation terminated.
configure:3744: $? = 1
configure:3764: checking whether the C compiler works
configure:3786: gcc -g -O2 -fdebug-prefix-map=/home/maddocks/src/upower=. -fstack-protector-strong -Wformat -Werror=format-security -Wdate-time -D_FORTIFY_SOURCE=2 -Wl,-Bsymbolic-functions -Wl,-z,relro conftest.c  >&5
configure:3790: $? = 0
configure:3838: result: yes
configure:3841: checking for C compiler default output file name
configure:3843: result: a.out
configure:3849: checking for suffix of executables
configure:3856: gcc -o conftest -g -O2 -fdebug-prefix-map=/home/maddocks/src/upower=. -fstack-protector-strong -Wformat -Werror=format-security -Wdate-time -D_FORTIFY_SOURCE=2 -Wl,-Bsymbolic-functions -Wl,-z,relro conftest.c  >&5
configure:3860: $? = 0
configure:3882: result: 
configure:3904: checking whether we are cross compiling
configure:3912: gcc -o conftest -g -O2 -fdebug-prefix-map=/home/maddocks/src/upower=. -fstack-protector-strong -Wformat -Werror=format-security -Wdate-time -D_FORTIFY_SOURCE=2 -Wl,-Bsymbolic-functions -Wl,-z,relro conftest.c  >&5
configure:3916: $? = 0
configure:3923: ./conftest
configure:3927: $? = 0
configure:3915: result: no
configure:3920: checking for suffix of object files
configure:3942: gcc -c -g -O2 -fdebug-prefix-map=/home/maddocks/src/upower=. -fstack-protector-strong -Wformat -Werror=format-security -Wdate-time -D_FORTIFY_SOURCE=2 conftest.c >&5
configure:3946: $? = 0
configure:3967: result: o
configure:3971: checking whether we are using the GNU C compiler
configure:3990: gcc -c -g -O2 -fdebug-prefix-map=/home/maddocks/src/upower=. -fstack-protector-strong -Wformat -Werror=format-security -Wdate-time -D_FORTIFY_SOURCE=2 conftest.c >&5
configure:3990: $? = 0
configure:3999: result: yes
configure:4008: checking whether gcc accepts -g
configure:4028: gcc -c -g -Wdate-time -D_FORTIFY_SOURCE=2 conftest.c >&5
configure:4028: $? = 0
configure:4069: result: yes
configure:4086: checking for gcc option to accept ISO C89
configure:4149: gcc  -c -g -O2 -fdebug-prefix-map=/home/maddocks/src/upower=. -fstack-protector-strong -Wformat -Werror=format-security -Wdate-time -D_FORTIFY_SOURCE=2 conftest.c >&5
configure:4149: $? = 0
configure:4162: result: none needed
configure:4187: checking whether gcc understands -c and -o together
configure:4209: gcc -c conftest.c -o conftest2.o
configure:4212: $? = 0
configure:4209: gcc -c conftest.c -o conftest2.o
configure:4212: $? = 0
configure:4224: result: yes
configure:4244: checking whether make supports the include directive
configure:4259: make -f confmf.GNU && cat confinc.out
make[2]: Entering directory '/home/maddocks/src/upower'
make[2]: Leaving directory '/home/maddocks/src/upower'
this is the am__doit target
configure:4262: $? = 0
configure:4281: result: yes (GNU style)
configure:4306: checking dependency style of gcc
configure:4417: result: none
configure:4439: checking how to run the C preprocessor
configure:4470: gcc -E -Wdate-time -D_FORTIFY_SOURCE=2 conftest.c
configure:4470: $? = 0
configure:4484: gcc -E -Wdate-time -D_FORTIFY_SOURCE=2 conftest.c
conftest.c:11:10: fatal error: ac_nonexistent.h: No such file or directory
   11 | #include <ac_nonexistent.h>
      |          ^~~~~~~~~~~~~~~~~~
compilation terminated.
configure:4484: $? = 1
configure: failed program was:
| /* confdefs.h */
| #define PACKAGE_NAME "upower"
| #define PACKAGE_TARNAME "upower"
| #define PACKAGE_VERSION "0.99.11"
| #define PACKAGE_STRING "upower 0.99.11"
| #define PACKAGE_BUGREPORT "https://bugs.freedesktop.org/enter_bug.cgi?product=upower"
| #define PACKAGE_URL "http://upower.freedesktop.org/"
| #define PACKAGE "upower"
| #define VERSION "0.99.11"
| /* end confdefs.h.  */
| #include <ac_nonexistent.h>
configure:4509: result: gcc -E
configure:4529: gcc -E -Wdate-time -D_FORTIFY_SOURCE=2 conftest.c
configure:4529: $? = 0
configure:4543: gcc -E -Wdate-time -D_FORTIFY_SOURCE=2 conftest.c
conftest.c:11:10: fatal error: ac_nonexistent.h: No such file or directory
   11 | #include <ac_nonexistent.h>
      |          ^~~~~~~~~~~~~~~~~~
compilation terminated.
configure:4543: $? = 1
configure: failed program was:
| /* confdefs.h */
| #define PACKAGE_NAME "upower"
| #define PACKAGE_TARNAME "upower"
| #define PACKAGE_VERSION "0.99.11"
| #define PACKAGE_STRING "upower 0.99.11"
| #define PACKAGE_BUGREPORT "https://bugs.freedesktop.org/enter_bug.cgi?product=upower"
| #define PACKAGE_URL "http://upower.freedesktop.org/"
| #define PACKAGE "upower"
| #define VERSION "0.99.11"
| /* end confdefs.h.  */
| #include <ac_nonexistent.h>
configure:4572: checking for grep that handles long lines and -e
configure:4630: result: /bin/grep
configure:4635: checking for egrep
configure:4697: result: /bin/grep -E
configure:4702: checking for ANSI C header files
configure:4722: gcc -c -g -O2 -fdebug-prefix-map=/home/maddocks/src/upower=. -fstack-protector-strong -Wformat -Werror=format-security -Wdate-time -D_FORTIFY_SOURCE=2 conftest.c >&5
configure:4722: $? = 0
configure:4795: gcc -o conftest -g -O2 -fdebug-prefix-map=/home/maddocks/src/upower=. -fstack-protector-strong -Wformat -Werror=format-security -Wdate-time -D_FORTIFY_SOURCE=2 -Wl,-Bsymbolic-functions -Wl,-z,relro conftest.c  >&5
configure:4795: $? = 0
configure:4795: ./conftest
configure:4795: $? = 0
configure:4806: result: yes
configure:4814: checking whether make sets $(MAKE)
configure:4836: result: yes
configure:4845: checking whether ln -s works
configure:4849: result: yes
configure:4863: checking for special C compiler options needed for large files
configure:4908: result: no
configure:4914: checking for _FILE_OFFSET_BITS value needed for large files
configure:4939: gcc -c -g -O2 -fdebug-prefix-map=/home/maddocks/src/upower=. -fstack-protector-strong -Wformat -Werror=format-security -Wdate-time -D_FORTIFY_SOURCE=2 conftest.c >&5
configure:4939: $? = 0
configure:4971: result: no
configure:5087: checking build system type
configure:5101: result: aarch64-unknown-linux-gnu
configure:5121: checking host system type
configure:5134: result: aarch64-unknown-linux-gnu
configure:5175: checking how to print strings
configure:5202: result: printf
configure:5223: checking for a sed that does not truncate output
configure:5287: result: /bin/sed
configure:5305: checking for fgrep
configure:5367: result: /bin/grep -F
configure:5402: checking for ld used by gcc
configure:5469: result: /usr/bin/ld
configure:5476: checking if the linker (/usr/bin/ld) is GNU ld
configure:5491: result: yes
configure:5503: checking for BSD- or MS-compatible name lister (nm)
configure:5557: result: /usr/bin/nm -B
configure:5687: checking the name lister (/usr/bin/nm -B) interface
configure:5694: gcc -c -g -O2 -fdebug-prefix-map=/home/maddocks/src/upower=. -fstack-protector-strong -Wformat -Werror=format-security -Wdate-time -D_FORTIFY_SOURCE=2 conftest.c >&5
configure:5697: /usr/bin/nm -B "conftest.o"
configure:5700: output
0000000000000000 B some_variable
configure:5701: result: BSD nm
configure:5705: checking the maximum length of command line arguments
configure:5836: result: 1572864
configure:5884: checking how to convert aarch64-unknown-linux-gnu file names to aarch64-unknown-linux-gnu format
configure:5924: result: func_convert_file_noop
configure:5931: checking how to convert aarch64-unknown-linux-gnu file names to toolchain format
configure:5951: result: func_convert_file_noop
configure:5958: checking for /usr/bin/ld option to reload object files
configure:5965: result: -r
configure:6039: checking for objdump
configure:6055: found /usr/bin/objdump
configure:6066: result: objdump
configure:6098: checking how to recognize dependent libraries
configure:6298: result: pass_all
configure:6383: checking for dlltool
configure:6413: result: no
configure:6443: checking how to associate runtime and link libraries
configure:6470: result: printf %s\n
configure:6530: checking for ar
configure:6546: found /usr/bin/ar
configure:6557: result: ar
configure:6594: checking for archiver @FILE support
configure:6611: gcc -c -g -O2 -fdebug-prefix-map=/home/maddocks/src/upower=. -fstack-protector-strong -Wformat -Werror=format-security -Wdate-time -D_FORTIFY_SOURCE=2 conftest.c >&5
configure:6611: $? = 0
configure:6614: ar cr libconftest.a @conftest.lst >&5
configure:6617: $? = 0
configure:6622: ar cr libconftest.a @conftest.lst >&5
ar: conftest.o: No such file or directory
configure:6625: $? = 1
configure:6624: result: @
configure:6682: checking for strip
configure:6698: found /usr/bin/strip
configure:6709: result: strip
configure:6781: checking for ranlib
configure:6797: found /usr/bin/ranlib
configure:6808: result: ranlib
configure:6910: checking command to parse /usr/bin/nm -B output from gcc object
configure:7063: gcc -c -g -O2 -fdebug-prefix-map=/home/maddocks/src/upower=. -fstack-protector-strong -Wformat -Werror=format-security -Wdate-time -D_FORTIFY_SOURCE=2 conftest.c >&5
configure:7066: $? = 0
configure:7070: /usr/bin/nm -B conftest.o | sed -n -e 's/^.*[	 ]\([ABCDGIRSTW][ABCDGIRSTW]*\)[	 ][	 ]*\([_A-Za-z][_A-Za-z0-9]*\)$/\1 \2 \2/p' | sed '/ __gnu_lto/d' > conftest.nm
configure:7136: gcc -o conftest -g -O2 -fdebug-prefix-map=/home/maddocks/src/upower=. -fstack-protector-strong -Wformat -Werror=format-security -Wdate-time -D_FORTIFY_SOURCE=2 -Wl,-Bsymbolic-functions -Wl,-z,relro conftest.c conftstm.o >&5
configure:7139: $? = 0
configure:7177: result: ok
configure:7224: checking for sysroot
configure:7254: result: no
configure:7261: checking for a working dd
configure:7299: result: /bin/dd
configure:7303: checking how to truncate binary pipes
configure:7318: result: /bin/dd bs=4096 count=1
configure:7647: checking for mt
configure:7663: found /bin/mt
configure:7674: result: mt
configure:7697: checking if mt is a manifest tool
configure:7703: mt '-?'
configure:7711: result: no
configure:8388: checking for sys/types.h
configure:8388: gcc -c -g -O2 -fdebug-prefix-map=/home/maddocks/src/upower=. -fstack-protector-strong -Wformat -Werror=format-security -Wdate-time -D_FORTIFY_SOURCE=2 conftest.c >&5
configure:8388: $? = 0
configure:8388: result: yes
configure:8388: checking for sys/stat.h
configure:8388: gcc -c -g -O2 -fdebug-prefix-map=/home/maddocks/src/upower=. -fstack-protector-strong -Wformat -Werror=format-security -Wdate-time -D_FORTIFY_SOURCE=2 conftest.c >&5
configure:8388: $? = 0
configure:8388: result: yes
configure:8388: checking for stdlib.h
configure:8388: gcc -c -g -O2 -fdebug-prefix-map=/home/maddocks/src/upower=. -fstack-protector-strong -Wformat -Werror=format-security -Wdate-time -D_FORTIFY_SOURCE=2 conftest.c >&5
configure:8388: $? = 0
configure:8388: result: yes
configure:8388: checking for string.h
configure:8388: gcc -c -g -O2 -fdebug-prefix-map=/home/maddocks/src/upower=. -fstack-protector-strong -Wformat -Werror=format-security -Wdate-time -D_FORTIFY_SOURCE=2 conftest.c >&5
configure:8388: $? = 0
configure:8388: result: yes
configure:8388: checking for memory.h
configure:8388: gcc -c -g -O2 -fdebug-prefix-map=/home/maddocks/src/upower=. -fstack-protector-strong -Wformat -Werror=format-security -Wdate-time -D_FORTIFY_SOURCE=2 conftest.c >&5
configure:8388: $? = 0
configure:8388: result: yes
configure:8388: checking for strings.h
configure:8388: gcc -c -g -O2 -fdebug-prefix-map=/home/maddocks/src/upower=. -fstack-protector-strong -Wformat -Werror=format-security -Wdate-time -D_FORTIFY_SOURCE=2 conftest.c >&5
configure:8388: $? = 0
configure:8388: result: yes
configure:8388: checking for inttypes.h
configure:8388: gcc -c -g -O2 -fdebug-prefix-map=/home/maddocks/src/upower=. -fstack-protector-strong -Wformat -Werror=format-security -Wdate-time -D_FORTIFY_SOURCE=2 conftest.c >&5
configure:8388: $? = 0
configure:8388: result: yes
configure:8388: checking for stdint.h
configure:8388: gcc -c -g -O2 -fdebug-prefix-map=/home/maddocks/src/upower=. -fstack-protector-strong -Wformat -Werror=format-security -Wdate-time -D_FORTIFY_SOURCE=2 conftest.c >&5
configure:8388: $? = 0
configure:8388: result: yes
configure:8388: checking for unistd.h
configure:8388: gcc -c -g -O2 -fdebug-prefix-map=/home/maddocks/src/upower=. -fstack-protector-strong -Wformat -Werror=format-security -Wdate-time -D_FORTIFY_SOURCE=2 conftest.c >&5
configure:8388: $? = 0
configure:8388: result: yes
configure:8402: checking for dlfcn.h
configure:8402: gcc -c -g -O2 -fdebug-prefix-map=/home/maddocks/src/upower=. -fstack-protector-strong -Wformat -Werror=format-security -Wdate-time -D_FORTIFY_SOURCE=2 conftest.c >&5
configure:8402: $? = 0
configure:8402: result: yes
configure:8658: checking for objdir
configure:8673: result: .libs
configure:8937: checking if gcc supports -fno-rtti -fno-exceptions
configure:8955: gcc -c -g -O2 -fdebug-prefix-map=/home/maddocks/src/upower=. -fstack-protector-strong -Wformat -Werror=format-security -Wdate-time -D_FORTIFY_SOURCE=2 -fno-rtti -fno-exceptions conftest.c >&5
cc1: warning: command line option '-fno-rtti' is valid for C++/D/ObjC++ but not for C
configure:8959: $? = 0
configure:8972: result: no
configure:9336: checking for gcc option to produce PIC
configure:9343: result: -fPIC -DPIC
configure:9351: checking if gcc PIC flag -fPIC -DPIC works
configure:9369: gcc -c -g -O2 -fdebug-prefix-map=/home/maddocks/src/upower=. -fstack-protector-strong -Wformat -Werror=format-security -Wdate-time -D_FORTIFY_SOURCE=2 -fPIC -DPIC -DPIC conftest.c >&5
configure:9373: $? = 0
configure:9386: result: yes
configure:9415: checking if gcc static flag -static works
configure:9443: result: yes
configure:9458: checking if gcc supports -c -o file.o
configure:9479: gcc -c -g -O2 -fdebug-prefix-map=/home/maddocks/src/upower=. -fstack-protector-strong -Wformat -Werror=format-security -Wdate-time -D_FORTIFY_SOURCE=2 -o out/conftest2.o conftest.c >&5
configure:9483: $? = 0
configure:9505: result: yes
configure:9513: checking if gcc supports -c -o file.o
configure:9560: result: yes
configure:9593: checking whether the gcc linker (/usr/bin/ld) supports shared libraries
configure:10856: result: yes
configure:10893: checking whether -lc should be explicitly linked in
configure:10901: gcc -c -g -O2 -fdebug-prefix-map=/home/maddocks/src/upower=. -fstack-protector-strong -Wformat -Werror=format-security -Wdate-time -D_FORTIFY_SOURCE=2 conftest.c >&5
configure:10904: $? = 0
configure:10919: gcc -shared  -fPIC -DPIC conftest.o  -v -Wl,-soname -Wl,conftest -o conftest 2\>\&1 \| /bin/grep  -lc  \>/dev/null 2\>\&1
configure:10922: $? = 0
configure:10936: result: no
configure:11096: checking dynamic linker characteristics
configure:11677: gcc -o conftest -g -O2 -fdebug-prefix-map=/home/maddocks/src/upower=. -fstack-protector-strong -Wformat -Werror=format-security -Wdate-time -D_FORTIFY_SOURCE=2 -Wl,-Bsymbolic-functions -Wl,-z,relro -Wl,-rpath -Wl,/foo conftest.c  >&5
configure:11677: $? = 0
configure:11926: result: GNU/Linux ld.so
configure:12048: checking how to hardcode library paths into programs
configure:12073: result: immediate
configure:12621: checking whether stripping libraries is possible
configure:12626: result: yes
configure:12661: checking if libtool supports shared libraries
configure:12663: result: yes
configure:12666: checking whether to build shared libraries
configure:12691: result: yes
configure:12694: checking whether to build static libraries
configure:12698: result: yes
configure:9545: checking for xsltproc
configure:9563: found /usr/bin/xsltproc
configure:9575: result: /usr/bin/xsltproc
configure:9600: checking for gtk-doc
configure:9603: $PKG_CONFIG --exists --print-errors "$gtk_doc_requires"
configure:9606: $? = 0
configure:9612: result: yes
configure:9626: checking for gtkdoc-check
configure:9642: found /usr/bin/gtkdoc-check
configure:9653: result: gtkdoc-check.test
configure:9663: checking for gtkdoc-check
configure:9681: found /usr/bin/gtkdoc-check
configure:9693: result: /usr/bin/gtkdoc-check
configure:9705: checking for gtkdoc-rebase
configure:9723: found /usr/bin/gtkdoc-rebase
configure:9735: result: /usr/bin/gtkdoc-rebase
configure:9749: checking for gtkdoc-mkpdf
configure:9767: found /usr/bin/gtkdoc-mkpdf
configure:9779: result: /usr/bin/gtkdoc-mkpdf
configure:9807: checking whether to build gtk-doc documentation
configure:9809: result: yes
configure:9822: checking for GTKDOC_DEPS
configure:9829: $PKG_CONFIG --exists --print-errors "glib-2.0 >= 2.10.0 gobject-2.0  >= 2.10.0"
configure:9832: $? = 0
configure:9846: $PKG_CONFIG --exists --print-errors "glib-2.0 >= 2.10.0 gobject-2.0  >= 2.10.0"
configure:9849: $? = 0
configure:9887: result: yes
configure:10032: checking whether C compiler accepts -fPIE
configure:10051: gcc -c -g -O2 -fdebug-prefix-map=/home/maddocks/src/upower=. -fstack-protector-strong -Wformat -Werror=format-security  -fPIE -Wdate-time -D_FORTIFY_SOURCE=2 -DG_DISABLE_SINGLE_INCLUDES -DGTK_DISABLE_SINGLE_INCLUDES -DG_DISABLE_DEPRECATED -DGTK_DISABLE_DEPRECATED -DGDK_DISABLE_DEPRECATED -DGDK_MULTIHEAD_SAFE -DGTK_MULTIHEAD_SAFE -DGSEAL_ENABLE conftest.c >&5
configure:10051: $? = 0
configure:10059: result: yes
configure:10062: checking whether the linker accepts -fPIE -pie
configure:10081: gcc -o conftest -g -O2 -fdebug-prefix-map=/home/maddocks/src/upower=. -fstack-protector-strong -Wformat -Werror=format-security -Wdate-time -D_FORTIFY_SOURCE=2 -DG_DISABLE_SINGLE_INCLUDES -DGTK_DISABLE_SINGLE_INCLUDES -DG_DISABLE_DEPRECATED -DGTK_DISABLE_DEPRECATED -DGDK_DISABLE_DEPRECATED -DGDK_MULTIHEAD_SAFE -DGTK_MULTIHEAD_SAFE -DGSEAL_ENABLE -Wl,-Bsymbolic-functions -Wl,-z,relro  -fPIE -pie conftest.c  >&5
configure:10081: $? = 0
configure:10090: result: yes
configure:10106: checking whether the linker accepts -Wl,-z,relro,-z,now
configure:10125: gcc -o conftest -g -O2 -fdebug-prefix-map=/home/maddocks/src/upower=. -fstack-protector-strong -Wformat -Werror=format-security -Wdate-time -D_FORTIFY_SOURCE=2 -DG_DISABLE_SINGLE_INCLUDES -DGTK_DISABLE_SINGLE_INCLUDES -DG_DISABLE_DEPRECATED -DGTK_DISABLE_DEPRECATED -DGDK_DISABLE_DEPRECATED -DGDK_MULTIHEAD_SAFE -DGTK_MULTIHEAD_SAFE -DGSEAL_ENABLE -Wl,-Bsymbolic-functions -Wl,-z,relro  -Wl,-z,relro,-z,now conftest.c  >&5
configure:10125: $? = 0
configure:10134: result: yes
configure:10146: checking for GLIB
configure:10153: $PKG_CONFIG --exists --print-errors "glib-2.0 >= 2.38.0 gobject-2.0"
configure:10156: $? = 0
configure:10170: $PKG_CONFIG --exists --print-errors "glib-2.0 >= 2.38.0 gobject-2.0"
configure:10173: $? = 0
configure:10231: result: yes
configure:10237: checking for GIO
configure:10244: $PKG_CONFIG --exists --print-errors "gio-2.0 >= 2.16.1"
configure:10247: $? = 0
configure:10261: $PKG_CONFIG --exists --print-errors "gio-2.0 >= 2.16.1"
configure:10264: $? = 0
configure:10322: result: yes
configure:10328: checking for GIO_UNIX
configure:10335: $PKG_CONFIG --exists --print-errors "gio-unix-2.0"
configure:10338: $? = 0
configure:10352: $PKG_CONFIG --exists --print-errors "gio-unix-2.0"
configure:10355: $? = 0
configure:10413: result: yes
configure:10493: checking for GUDEV
configure:10500: $PKG_CONFIG --exists --print-errors "gudev-1.0 >= 147"
configure:10503: $? = 0
configure:10517: $PKG_CONFIG --exists --print-errors "gudev-1.0 >= 147"
configure:10520: $? = 0
configure:10578: result: yes
configure:10584: checking for USB
configure:10591: $PKG_CONFIG --exists --print-errors "libusb-1.0 >= 1.0.0"
configure:10594: $? = 0
configure:10608: $PKG_CONFIG --exists --print-errors "libusb-1.0 >= 1.0.0"
configure:10611: $? = 0
configure:10669: result: yes
configure:10684: checking for IDEVICE
configure:10691: $PKG_CONFIG --exists --print-errors "libimobiledevice-1.0 >= 0.9.7 libplist >= 0.12"
configure:10694: $? = 0
configure:10708: $PKG_CONFIG --exists --print-errors "libimobiledevice-1.0 >= 0.9.7 libplist >= 0.12"
configure:10711: $? = 0
configure:10749: result: yes
configure:10829: checking whether NLS is requested
configure:10838: result: yes
configure:10878: checking for msgfmt
configure: trying /usr/bin/msgfmt...
0 translated messages.
configure:10910: result: /usr/bin/msgfmt
configure:10919: checking for gmsgfmt
configure:10950: result: /usr/bin/msgfmt
configure:11000: checking for xgettext
configure: trying /usr/bin/xgettext...
/usr/bin/xgettext: warning: file '/dev/null' extension '' is unknown; will try C
configure:11032: result: /usr/bin/xgettext
configure:11077: checking for msgmerge
configure: trying /usr/bin/msgmerge...
configure:11108: result: /usr/bin/msgmerge
configure:11166: checking for ld used by gcc
configure:11233: result: /usr/bin/ld
configure:11240: checking if the linker (/usr/bin/ld) is GNU ld
configure:11255: result: yes
configure:11262: checking for shared library run path origin
configure:11275: result: done
configure:11847: checking for CFPreferencesCopyAppValue
configure:11865: gcc -o conftest -g -O2 -fdebug-prefix-map=/home/maddocks/src/upower=. -fstack-protector-strong -Wformat -Werror=format-security -Wdate-time -D_FORTIFY_SOURCE=2 -DG_DISABLE_SINGLE_INCLUDES -DGTK_DISABLE_SINGLE_INCLUDES -DG_DISABLE_DEPRECATED -DGTK_DISABLE_DEPRECATED -DGDK_DISABLE_DEPRECATED -DGDK_MULTIHEAD_SAFE -DGTK_MULTIHEAD_SAFE -DGSEAL_ENABLE -Wl,--as-needed -Wl,-Bsymbolic-functions -Wl,-z,relro conftest.c  -Wl,-framework -Wl,CoreFoundation >&5
conftest.c:25:10: fatal error: CoreFoundation/CFPreferences.h: No such file or directory
   25 | #include <CoreFoundation/CFPreferences.h>
      |          ^~~~~~~~~~~~~~~~~~~~~~~~~~~~~~~~
compilation terminated.
configure:11865: $? = 1
configure: failed program was:
| /* confdefs.h */
| #define PACKAGE_NAME "upower"
| #define PACKAGE_TARNAME "upower"
| #define PACKAGE_VERSION "0.99.11"
| #define PACKAGE_STRING "upower 0.99.11"
| #define PACKAGE_BUGREPORT "https://bugs.freedesktop.org/enter_bug.cgi?product=upower"
| #define PACKAGE_URL "http://upower.freedesktop.org/"
| #define PACKAGE "upower"
| #define VERSION "0.99.11"
| #define STDC_HEADERS 1
| #define HAVE_SYS_TYPES_H 1
| #define HAVE_SYS_STAT_H 1
| #define HAVE_STDLIB_H 1
| #define HAVE_STRING_H 1
| #define HAVE_MEMORY_H 1
| #define HAVE_STRINGS_H 1
| #define HAVE_INTTYPES_H 1
| #define HAVE_STDINT_H 1
| #define HAVE_UNISTD_H 1
| #define HAVE_DLFCN_H 1
| #define LT_OBJDIR ".libs/"
| #define BACKEND "linux"
| #define HAVE_IDEVICE 1
| /* end confdefs.h.  */
| #include <CoreFoundation/CFPreferences.h>
| int
| main ()
| {
| CFPreferencesCopyAppValue(NULL, NULL)
|   ;
|   return 0;
| }
configure:11874: result: no
configure:11881: checking for CFLocaleCopyCurrent
configure:11899: gcc -o conftest -g -O2 -fdebug-prefix-map=/home/maddocks/src/upower=. -fstack-protector-strong -Wformat -Werror=format-security -Wdate-time -D_FORTIFY_SOURCE=2 -DG_DISABLE_SINGLE_INCLUDES -DGTK_DISABLE_SINGLE_INCLUDES -DG_DISABLE_DEPRECATED -DGTK_DISABLE_DEPRECATED -DGDK_DISABLE_DEPRECATED -DGDK_MULTIHEAD_SAFE -DGTK_MULTIHEAD_SAFE -DGSEAL_ENABLE -Wl,--as-needed -Wl,-Bsymbolic-functions -Wl,-z,relro conftest.c  -Wl,-framework -Wl,CoreFoundation >&5
conftest.c:25:10: fatal error: CoreFoundation/CFLocale.h: No such file or directory
   25 | #include <CoreFoundation/CFLocale.h>
      |          ^~~~~~~~~~~~~~~~~~~~~~~~~~~
compilation terminated.
configure:11899: $? = 1
configure: failed program was:
| /* confdefs.h */
| #define PACKAGE_NAME "upower"
| #define PACKAGE_TARNAME "upower"
| #define PACKAGE_VERSION "0.99.11"
| #define PACKAGE_STRING "upower 0.99.11"
| #define PACKAGE_BUGREPORT "https://bugs.freedesktop.org/enter_bug.cgi?product=upower"
| #define PACKAGE_URL "http://upower.freedesktop.org/"
| #define PACKAGE "upower"
| #define VERSION "0.99.11"
| #define STDC_HEADERS 1
| #define HAVE_SYS_TYPES_H 1
| #define HAVE_SYS_STAT_H 1
| #define HAVE_STDLIB_H 1
| #define HAVE_STRING_H 1
| #define HAVE_MEMORY_H 1
| #define HAVE_STRINGS_H 1
| #define HAVE_INTTYPES_H 1
| #define HAVE_STDINT_H 1
| #define HAVE_UNISTD_H 1
| #define HAVE_DLFCN_H 1
| #define LT_OBJDIR ".libs/"
| #define BACKEND "linux"
| #define HAVE_IDEVICE 1
| /* end confdefs.h.  */
| #include <CoreFoundation/CFLocale.h>
| int
| main ()
| {
| CFLocaleCopyCurrent();
|   ;
|   return 0;
| }
configure:11908: result: no
configure:11957: checking for GNU gettext in libc
configure:11986: gcc -o conftest -g -O2 -fdebug-prefix-map=/home/maddocks/src/upower=. -fstack-protector-strong -Wformat -Werror=format-security -Wdate-time -D_FORTIFY_SOURCE=2 -DG_DISABLE_SINGLE_INCLUDES -DGTK_DISABLE_SINGLE_INCLUDES -DG_DISABLE_DEPRECATED -DGTK_DISABLE_DEPRECATED -DGDK_DISABLE_DEPRECATED -DGDK_MULTIHEAD_SAFE -DGTK_MULTIHEAD_SAFE -DGSEAL_ENABLE -Wl,--as-needed -Wl,-Bsymbolic-functions -Wl,-z,relro conftest.c  >&5
configure:11986: $? = 0
configure:11995: result: yes
configure:12842: checking whether to use NLS
configure:12844: result: yes
configure:12847: checking where the gettext function comes from
configure:12858: result: libc
configure:13026: checking that generated files are newer than configure
configure:13032: result: done
configure:13127: creating ./config.status

## ---------------------- ##
## Running config.status. ##
## ---------------------- ##

This file was extended by upower config.status 0.99.11, which was
generated by GNU Autoconf 2.69.  Invocation command line was

  CONFIG_FILES    = 
  CONFIG_HEADERS  = 
  CONFIG_LINKS    = 
  CONFIG_COMMANDS = 
  $ ./config.status 

on maddocks-Lenovo-YOGA-C630-13Q50

config.status:1219: creating Makefile
config.status:1219: creating upower-glib.pc
config.status:1219: creating etc/Makefile
config.status:1219: creating dbus/Makefile
config.status:1219: creating src/Makefile
config.status:1219: creating src/dummy/Makefile
config.status:1219: creating src/freebsd/Makefile
config.status:1219: creating src/openbsd/Makefile
config.status:1219: creating src/linux/Makefile
config.status:1219: creating src/bsd/Makefile
config.status:1219: creating tools/Makefile
config.status:1219: creating doc/Makefile
config.status:1219: creating doc/version.xml
config.status:1219: creating doc/man/Makefile
config.status:1219: creating rules/Makefile
config.status:1219: creating libupower-glib/Makefile
config.status:1219: creating libupower-glib/up-version.h
config.status:1219: creating po/Makefile.in
config.status:1219: creating config.h
config.status:1448: executing depfiles commands
config.status:1448: executing libtool commands
config.status:1448: executing po-directories commands

## ---------------- ##
## Cache variables. ##
## ---------------- ##

ac_cv_build=aarch64-unknown-linux-gnu
ac_cv_c_compiler_gnu=yes
ac_cv_env_CC_set=
ac_cv_env_CC_value=
ac_cv_env_CFLAGS_set=set
ac_cv_env_CFLAGS_value='-g -O2 -fdebug-prefix-map=/home/maddocks/src/upower=. -fstack-protector-strong -Wformat -Werror=format-security'
ac_cv_env_CPPFLAGS_set=set
ac_cv_env_CPPFLAGS_value='-Wdate-time -D_FORTIFY_SOURCE=2'
ac_cv_env_CPP_set=
ac_cv_env_CPP_value=
ac_cv_env_GIO_CFLAGS_set=
ac_cv_env_GIO_CFLAGS_value=
ac_cv_env_GIO_LIBS_set=
ac_cv_env_GIO_LIBS_value=
ac_cv_env_GIO_UNIX_CFLAGS_set=
ac_cv_env_GIO_UNIX_CFLAGS_value=
ac_cv_env_GIO_UNIX_LIBS_set=
ac_cv_env_GIO_UNIX_LIBS_value=
ac_cv_env_GLIB_CFLAGS_set=
ac_cv_env_GLIB_CFLAGS_value=
ac_cv_env_GLIB_LIBS_set=
ac_cv_env_GLIB_LIBS_value=
ac_cv_env_GTKDOC_DEPS_CFLAGS_set=
ac_cv_env_GTKDOC_DEPS_CFLAGS_value=
ac_cv_env_GTKDOC_DEPS_LIBS_set=
ac_cv_env_GTKDOC_DEPS_LIBS_value=
ac_cv_env_GUDEV_CFLAGS_set=
ac_cv_env_GUDEV_CFLAGS_value=
ac_cv_env_GUDEV_LIBS_set=
ac_cv_env_GUDEV_LIBS_value=
ac_cv_env_IDEVICE_CFLAGS_set=
ac_cv_env_IDEVICE_CFLAGS_value=
ac_cv_env_IDEVICE_LIBS_set=
ac_cv_env_IDEVICE_LIBS_value=
ac_cv_env_LDFLAGS_set=set
ac_cv_env_LDFLAGS_value='-Wl,-Bsymbolic-functions -Wl,-z,relro'
ac_cv_env_LIBS_set=
ac_cv_env_LIBS_value=
ac_cv_env_LT_SYS_LIBRARY_PATH_set=
ac_cv_env_LT_SYS_LIBRARY_PATH_value=
ac_cv_env_PKG_CONFIG_LIBDIR_set=
ac_cv_env_PKG_CONFIG_LIBDIR_value=
ac_cv_env_PKG_CONFIG_PATH_set=
ac_cv_env_PKG_CONFIG_PATH_value=
ac_cv_env_PKG_CONFIG_set=
ac_cv_env_PKG_CONFIG_value=
ac_cv_env_USB_CFLAGS_set=
ac_cv_env_USB_CFLAGS_value=
ac_cv_env_USB_LIBS_set=
ac_cv_env_USB_LIBS_value=
ac_cv_env_build_alias_set=set
ac_cv_env_build_alias_value=aarch64-linux-gnu
ac_cv_env_host_alias_set=
ac_cv_env_host_alias_value=
ac_cv_env_target_alias_set=
ac_cv_env_target_alias_value=
ac_cv_header_dlfcn_h=yes
ac_cv_header_inttypes_h=yes
ac_cv_header_memory_h=yes
ac_cv_header_stdc=yes
ac_cv_header_stdint_h=yes
ac_cv_header_stdlib_h=yes
ac_cv_header_string_h=yes
ac_cv_header_strings_h=yes
ac_cv_header_sys_stat_h=yes
ac_cv_header_sys_types_h=yes
ac_cv_header_unistd_h=yes
ac_cv_host=aarch64-unknown-linux-gnu
ac_cv_objext=o
ac_cv_path_EGREP='/bin/grep -E'
ac_cv_path_FGREP='/bin/grep -F'
ac_cv_path_GMSGFMT=/usr/bin/msgfmt
ac_cv_path_GREP=/bin/grep
ac_cv_path_GTKDOC_CHECK_PATH=/usr/bin/gtkdoc-check
ac_cv_path_GTKDOC_MKPDF=/usr/bin/gtkdoc-mkpdf
ac_cv_path_GTKDOC_REBASE=/usr/bin/gtkdoc-rebase
ac_cv_path_MSGFMT=/usr/bin/msgfmt
ac_cv_path_MSGMERGE=/usr/bin/msgmerge
ac_cv_path_SED=/bin/sed
ac_cv_path_XGETTEXT=/usr/bin/xgettext
ac_cv_path_XSLTPROC=/usr/bin/xsltproc
ac_cv_path_ac_pt_PKG_CONFIG=/usr/bin/pkg-config
ac_cv_path_install='/usr/bin/install -c'
ac_cv_path_lt_DD=/bin/dd
ac_cv_path_mkdir=/bin/mkdir
ac_cv_prog_AWK=gawk
ac_cv_prog_CPP='gcc -E'
ac_cv_prog_GTKDOC_CHECK=gtkdoc-check.test
ac_cv_prog_ac_ct_AR=ar
ac_cv_prog_ac_ct_CC=gcc
ac_cv_prog_ac_ct_MANIFEST_TOOL=mt
ac_cv_prog_ac_ct_OBJDUMP=objdump
ac_cv_prog_ac_ct_RANLIB=ranlib
ac_cv_prog_ac_ct_STRIP=strip
ac_cv_prog_cc_c89=
ac_cv_prog_cc_g=yes
ac_cv_prog_make_make_set=yes
ac_cv_sys_file_offset_bits=no
ac_cv_sys_largefile_CC=no
acl_cv_hardcode_direct=no
acl_cv_hardcode_libdir_flag_spec='${wl}-rpath ${wl}$libdir'
acl_cv_hardcode_libdir_separator=
acl_cv_hardcode_minus_L=no
acl_cv_libext=a
acl_cv_libname_spec='lib$name'
acl_cv_library_names_spec='$libname$shrext'
acl_cv_path_LD=/usr/bin/ld
acl_cv_prog_gnu_ld=yes
acl_cv_rpath=done
acl_cv_shlibext=so
acl_cv_wl=-Wl,
am_cv_CC_dependencies_compiler_type=none
am_cv_make_support_nested_variables=yes
am_cv_prog_cc_c_o=yes
am_cv_prog_tar_ustar=gnutar
ax_cv_check_cflags___fPIE=yes
ax_cv_check_ldflags___Wl__z_relro__z_now=yes
ax_cv_check_ldflags___fPIE__pie=yes
gt_cv_func_CFLocaleCopyCurrent=no
gt_cv_func_CFPreferencesCopyAppValue=no
gt_cv_func_gnugettext1_libc=yes
lt_cv_ar_at_file=@
lt_cv_archive_cmds_need_lc=no
lt_cv_deplibs_check_method=pass_all
lt_cv_file_magic_cmd='$MAGIC_CMD'
lt_cv_file_magic_test_file=
lt_cv_ld_reload_flag=-r
lt_cv_nm_interface='BSD nm'
lt_cv_objdir=.libs
lt_cv_path_LD=/usr/bin/ld
lt_cv_path_NM='/usr/bin/nm -B'
lt_cv_path_mainfest_tool=no
lt_cv_prog_compiler_c_o=yes
lt_cv_prog_compiler_pic='-fPIC -DPIC'
lt_cv_prog_compiler_pic_works=yes
lt_cv_prog_compiler_rtti_exceptions=no
lt_cv_prog_compiler_static_works=yes
lt_cv_prog_gnu_ld=yes
lt_cv_sharedlib_from_linklib_cmd='printf %s\n'
lt_cv_shlibpath_overrides_runpath=yes
lt_cv_sys_global_symbol_pipe='sed -n -e '\''s/^.*[	 ]\([ABCDGIRSTW][ABCDGIRSTW]*\)[	 ][	 ]*\([_A-Za-z][_A-Za-z0-9]*\)$/\1 \2 \2/p'\'' | sed '\''/ __gnu_lto/d'\'''
lt_cv_sys_global_symbol_to_c_name_address='sed -n -e '\''s/^: \(.*\) .*$/  {"\1", (void *) 0},/p'\'' -e '\''s/^[ABCDGIRSTW][ABCDGIRSTW]* .* \(.*\)$/  {"\1", (void *) \&\1},/p'\'''
lt_cv_sys_global_symbol_to_c_name_address_lib_prefix='sed -n -e '\''s/^: \(.*\) .*$/  {"\1", (void *) 0},/p'\'' -e '\''s/^[ABCDGIRSTW][ABCDGIRSTW]* .* \(lib.*\)$/  {"\1", (void *) \&\1},/p'\'' -e '\''s/^[ABCDGIRSTW][ABCDGIRSTW]* .* \(.*\)$/  {"lib\1", (void *) \&\1},/p'\'''
lt_cv_sys_global_symbol_to_cdecl='sed -n -e '\''s/^T .* \(.*\)$/extern int \1();/p'\'' -e '\''s/^[ABCDGIRSTW][ABCDGIRSTW]* .* \(.*\)$/extern char \1;/p'\'''
lt_cv_sys_global_symbol_to_import=
lt_cv_sys_max_cmd_len=1572864
lt_cv_to_host_file_cmd=func_convert_file_noop
lt_cv_to_tool_file_cmd=func_convert_file_noop
lt_cv_truncate_bin='/bin/dd bs=4096 count=1'
pkg_cv_GIO_CFLAGS='-pthread -I/usr/include/libmount -I/usr/include/blkid -I/usr/include/glib-2.0 -I/usr/lib/aarch64-linux-gnu/glib-2.0/include'
pkg_cv_GIO_LIBS='-lgio-2.0 -lgobject-2.0 -lglib-2.0'
pkg_cv_GIO_UNIX_CFLAGS='-pthread -I/usr/include/gio-unix-2.0 -I/usr/include/libmount -I/usr/include/blkid -I/usr/include/glib-2.0 -I/usr/lib/aarch64-linux-gnu/glib-2.0/include'
pkg_cv_GIO_UNIX_LIBS='-lgio-2.0 -lgobject-2.0 -lglib-2.0'
pkg_cv_GLIB_CFLAGS='-I/usr/include/glib-2.0 -I/usr/lib/aarch64-linux-gnu/glib-2.0/include'
pkg_cv_GLIB_LIBS='-lgobject-2.0 -lglib-2.0'
pkg_cv_GTKDOC_DEPS_CFLAGS='-I/usr/include/glib-2.0 -I/usr/lib/aarch64-linux-gnu/glib-2.0/include'
pkg_cv_GTKDOC_DEPS_LIBS='-lgobject-2.0 -lglib-2.0'
pkg_cv_GUDEV_CFLAGS='-I/usr/include/gudev-1.0 -I/usr/include/glib-2.0 -I/usr/lib/aarch64-linux-gnu/glib-2.0/include'
pkg_cv_GUDEV_LIBS='-lgudev-1.0 -lgobject-2.0 -lglib-2.0'
pkg_cv_IDEVICE_CFLAGS=-I/usr/include/p11-kit-1
pkg_cv_IDEVICE_LIBS='-limobiledevice -lplist'
pkg_cv_USB_CFLAGS=-I/usr/include/libusb-1.0
pkg_cv_USB_LIBS=-lusb-1.0

## ----------------- ##
## Output variables. ##
## ----------------- ##

ACLOCAL='${SHELL} /home/maddocks/src/upower/build-aux/missing aclocal-1.16'
AMDEPBACKSLASH=''
AMDEP_FALSE=''
AMDEP_TRUE='#'
AMTAR='$${TAR-tar}'
AM_BACKSLASH='\'
AM_DEFAULT_V='$(AM_DEFAULT_VERBOSITY)'
AM_DEFAULT_VERBOSITY='1'
AM_V='$(V)'
AR='ar'
AUTOCONF='${SHELL} /home/maddocks/src/upower/build-aux/missing autoconf'
AUTOHEADER='${SHELL} /home/maddocks/src/upower/build-aux/missing autoheader'
AUTOMAKE='${SHELL} /home/maddocks/src/upower/build-aux/missing automake-1.16'
AWK='gawk'
BACKEND='linux'
BACKEND_TYPE_DUMMY_FALSE=''
BACKEND_TYPE_DUMMY_TRUE='#'
BACKEND_TYPE_FREEBSD_FALSE=''
BACKEND_TYPE_FREEBSD_TRUE='#'
BACKEND_TYPE_LINUX_FALSE='#'
BACKEND_TYPE_LINUX_TRUE=''
BACKEND_TYPE_OPENBSD_FALSE=''
BACKEND_TYPE_OPENBSD_TRUE='#'
CC='gcc'
CCDEPMODE='depmode=none'
CFLAGS='-g -O2 -fdebug-prefix-map=/home/maddocks/src/upower=. -fstack-protector-strong -Wformat -Werror=format-security'
CPP='gcc -E'
CPPFLAGS='-Wdate-time -D_FORTIFY_SOURCE=2 -DG_DISABLE_SINGLE_INCLUDES -DGTK_DISABLE_SINGLE_INCLUDES -DG_DISABLE_DEPRECATED -DGTK_DISABLE_DEPRECATED -DGDK_DISABLE_DEPRECATED -DGDK_MULTIHEAD_SAFE -DGTK_MULTIHEAD_SAFE -DGSEAL_ENABLE'
CYGPATH_W='echo'
DEFS='-DHAVE_CONFIG_H'
DEPDIR='.deps'
DLLTOOL='false'
DSYMUTIL=''
DUMPBIN=''
ECHO_C=''
ECHO_N='-n'
ECHO_T=''
EGREP='/bin/grep -E'
ENABLE_DEPRECATED_FALSE=''
ENABLE_DEPRECATED_TRUE='#'
ENABLE_GTK_DOC_FALSE='#'
ENABLE_GTK_DOC_TRUE=''
EXEEXT=''
FGREP='/bin/grep -F'
GETTEXT_MACRO_VERSION='0.19'
GETTEXT_PACKAGE='upower'
GIO_CFLAGS='-pthread -I/usr/include/libmount -I/usr/include/blkid -I/usr/include/glib-2.0 -I/usr/lib/aarch64-linux-gnu/glib-2.0/include'
GIO_LIBS='-lgio-2.0 -lgobject-2.0 -lglib-2.0'
GIO_UNIX_CFLAGS='-pthread -I/usr/include/gio-unix-2.0 -I/usr/include/libmount -I/usr/include/blkid -I/usr/include/glib-2.0 -I/usr/lib/aarch64-linux-gnu/glib-2.0/include'
GIO_UNIX_LIBS='-lgio-2.0 -lgobject-2.0 -lglib-2.0'
GLIB_CFLAGS='-I/usr/include/glib-2.0 -I/usr/lib/aarch64-linux-gnu/glib-2.0/include'
GLIB_LIBS='-lgobject-2.0 -lglib-2.0'
GMSGFMT='/usr/bin/msgfmt'
GMSGFMT_015='/usr/bin/msgfmt'
GREP='/bin/grep'
GTKDOC_CHECK='gtkdoc-check.test'
GTKDOC_CHECK_PATH='/usr/bin/gtkdoc-check'
GTKDOC_DEPS_CFLAGS='-I/usr/include/glib-2.0 -I/usr/lib/aarch64-linux-gnu/glib-2.0/include'
GTKDOC_DEPS_LIBS='-lgobject-2.0 -lglib-2.0'
GTKDOC_MKPDF='/usr/bin/gtkdoc-mkpdf'
GTKDOC_REBASE='/usr/bin/gtkdoc-rebase'
GTK_DOC_BUILD_HTML_FALSE='#'
GTK_DOC_BUILD_HTML_TRUE=''
GTK_DOC_BUILD_PDF_FALSE=''
GTK_DOC_BUILD_PDF_TRUE='#'
GTK_DOC_USE_LIBTOOL_FALSE='#'
GTK_DOC_USE_LIBTOOL_TRUE=''
GTK_DOC_USE_REBASE_FALSE='#'
GTK_DOC_USE_REBASE_TRUE=''
GUDEV_CFLAGS='-I/usr/include/gudev-1.0 -I/usr/include/glib-2.0 -I/usr/lib/aarch64-linux-gnu/glib-2.0/include'
GUDEV_LIBS='-lgudev-1.0 -lgobject-2.0 -lglib-2.0'
HAVE_GTK_DOC_FALSE='#'
HAVE_GTK_DOC_TRUE=''
HAVE_IDEVICE_FALSE='#'
HAVE_IDEVICE_TRUE=''
HAVE_INTROSPECTION_FALSE='#'
HAVE_INTROSPECTION_TRUE=''
HAVE_SYSTEMDSYSTEMUNITDIR_FALSE='#'
HAVE_SYSTEMDSYSTEMUNITDIR_TRUE=''
HAVE_SYSTEMDUTILDIR_FALSE='#'
HAVE_SYSTEMDUTILDIR_TRUE=''
HTML_DIR='${datadir}/gtk-doc/html'
IDEVICE_CFLAGS='-I/usr/include/p11-kit-1'
IDEVICE_LIBS='-limobiledevice -lplist'
INSTALL_DATA='${INSTALL} -m 644'
INSTALL_PROGRAM='${INSTALL}'
INSTALL_SCRIPT='${INSTALL}'
INSTALL_STRIP_PROGRAM='$(install_sh) -c -s'
INTLLIBS=''
INTL_MACOSX_LIBS=''
INTROSPECTION_CFLAGS='-pthread -I/usr/include/gobject-introspection-1.0 -I/usr/include/glib-2.0 -I/usr/lib/aarch64-linux-gnu/glib-2.0/include'
INTROSPECTION_COMPILER='/usr/bin/g-ir-compiler'
INTROSPECTION_GENERATE='/usr/bin/g-ir-generate'
INTROSPECTION_GIRDIR='/usr/share/gir-1.0'
INTROSPECTION_LIBS='-lgirepository-1.0 -lgobject-2.0 -lglib-2.0'
INTROSPECTION_MAKEFILE='/usr/share/gobject-introspection-1.0/Makefile.introspection'
INTROSPECTION_SCANNER='/usr/bin/g-ir-scanner'
INTROSPECTION_TYPELIBDIR='/usr/lib/aarch64-linux-gnu/girepository-1.0'
LD='/usr/bin/ld'
LDFLAGS='-Wl,--as-needed -Wl,-Bsymbolic-functions -Wl,-z,relro'
LIBICONV='-liconv'
LIBINTL=''
LIBOBJS=''
LIBS=''
LIBTOOL='$(SHELL) $(top_builddir)/libtool'
LIPO=''
LN_S='ln -s'
LTLIBICONV='-liconv'
LTLIBINTL=''
LTLIBOBJS=''
LT_AGE='0'
LT_CURRENT='3'
LT_REVISION='1'
LT_SYS_LIBRARY_PATH=''
MAINT='#'
MAINTAINER_MODE_FALSE=''
MAINTAINER_MODE_TRUE='#'
MAKEINFO='${SHELL} /home/maddocks/src/upower/build-aux/missing makeinfo'
MANIFEST_TOOL=':'
MAN_PAGES_ENABLED_FALSE='#'
MAN_PAGES_ENABLED_TRUE=''
MKDIR_P='/bin/mkdir -p'
MSGFMT='/usr/bin/msgfmt'
MSGFMT_015='/usr/bin/msgfmt'
MSGMERGE='/usr/bin/msgmerge'
NM='/usr/bin/nm -B'
NMEDIT=''
OBJDUMP='objdump'
OBJEXT='o'
OTOOL64=''
OTOOL=''
PACKAGE='upower'
PACKAGE_BUGREPORT='https://bugs.freedesktop.org/enter_bug.cgi?product=upower'
PACKAGE_NAME='upower'
PACKAGE_STRING='upower 0.99.11'
PACKAGE_TARNAME='upower'
PACKAGE_URL='http://upower.freedesktop.org/'
PACKAGE_VERSION='0.99.11'
PATH_SEPARATOR=':'
PIE_CFLAGS='-fPIE'
PIE_LDFLAGS='-pie'
PKG_CONFIG='/usr/bin/pkg-config'
PKG_CONFIG_LIBDIR=''
PKG_CONFIG_PATH=''
POSUB='po'
RANLIB='ranlib'
RELRO_LDFLAGS='-Wl,-z,relro,-z,now'
SED='/bin/sed'
SET_MAKE=''
SHELL='/bin/sh'
STRIP='strip'
UP_BUILD_TESTS_FALSE='#'
UP_BUILD_TESTS_TRUE=''
UP_MAJOR_VERSION='0'
UP_MICRO_VERSION='11'
UP_MINOR_VERSION='99'
USB_CFLAGS='-I/usr/include/libusb-1.0'
USB_LIBS='-lusb-1.0'
USE_NLS='yes'
VERSION='0.99.11'
WARNINGFLAGS_C=' -Wall -Wcast-align -Wno-uninitialized -Wmissing-declarations -Wpointer-arith -Wcast-align -Wwrite-strings -Winit-self -Wreturn-type -Wformat-nonliteral -Wformat-security -Wmissing-format-attribute -Wsign-compare -O -Wuninitialized -Waggregate-return -Wdeclaration-after-statement -Wno-strict-aliasing'
XGETTEXT='/usr/bin/xgettext'
XGETTEXT_015='/usr/bin/xgettext'
XGETTEXT_EXTRA_OPTIONS=''
XSLTPROC='/usr/bin/xsltproc'
_GI_EXP_DATADIR='/usr/share'
_GI_EXP_LIBDIR='/usr/lib/aarch64-linux-gnu'
ac_ct_AR='ar'
ac_ct_CC='gcc'
ac_ct_DUMPBIN=''
am__EXEEXT_FALSE=''
am__EXEEXT_TRUE='#'
am__fastdepCC_FALSE=''
am__fastdepCC_TRUE='#'
am__include='include'
am__isrc=''
am__leading_dot='.'
am__nodep=''
am__quote=''
am__tar='tar --format=ustar -chf - "$$tardir"'
am__untar='tar -xf -'
bindir='${exec_prefix}/bin'
build='aarch64-unknown-linux-gnu'
build_alias='aarch64-linux-gnu'
build_cpu='aarch64'
build_os='linux-gnu'
build_vendor='unknown'
datadir='${datarootdir}'
datarootdir='${prefix}/share'
docdir='${datarootdir}/doc/${PACKAGE_TARNAME}'
dvidir='${docdir}'
exec_prefix='${prefix}'
historydir='/var/lib/upower'
host='aarch64-unknown-linux-gnu'
host_alias=''
host_cpu='aarch64'
host_os='linux-gnu'
host_vendor='unknown'
htmldir='${docdir}'
includedir='${prefix}/include'
infodir='${prefix}/share/info'
install_sh='${SHELL} /home/maddocks/src/upower/build-aux/install-sh'
libdir='${prefix}/lib/aarch64-linux-gnu'
libexecdir='${exec_prefix}/libexec'
localedir='${datarootdir}/locale'
localstatedir='/var'
mandir='${prefix}/share/man'
mkdir_p='$(MKDIR_P)'
oldincludedir='/usr/include'
pdfdir='${docdir}'
prefix='/usr'
program_transform_name='s,x,x,'
psdir='${docdir}'
runstatedir='/run'
sbindir='${exec_prefix}/sbin'
sharedstatedir='${prefix}/com'
sysconfdir='/etc'
systemdsystemunitdir='/lib/systemd/system'
systemdutildir='/lib/systemd'
target_alias=''
udevrulesdir='/lib/udev/rules.d'

## ----------- ##
## confdefs.h. ##
## ----------- ##

/* confdefs.h */
#define PACKAGE_NAME "upower"
#define PACKAGE_TARNAME "upower"
#define PACKAGE_VERSION "0.99.11"
#define PACKAGE_STRING "upower 0.99.11"
#define PACKAGE_BUGREPORT "https://bugs.freedesktop.org/enter_bug.cgi?product=upower"
#define PACKAGE_URL "http://upower.freedesktop.org/"
#define PACKAGE "upower"
#define VERSION "0.99.11"
#define STDC_HEADERS 1
#define HAVE_SYS_TYPES_H 1
#define HAVE_SYS_STAT_H 1
#define HAVE_STDLIB_H 1
#define HAVE_STRING_H 1
#define HAVE_MEMORY_H 1
#define HAVE_STRINGS_H 1
#define HAVE_INTTYPES_H 1
#define HAVE_STDINT_H 1
#define HAVE_UNISTD_H 1
#define HAVE_DLFCN_H 1
#define LT_OBJDIR ".libs/"
#define BACKEND "linux"
#define HAVE_IDEVICE 1
#define ENABLE_NLS 1
#define HAVE_GETTEXT 1
#define HAVE_DCGETTEXT 1
#define GETTEXT_PACKAGE PACKAGE_TARNAME

configure: exit 0
